<?xml version="1.0" encoding="UTF-8"?>
<!-- Generated by org.testng.reporters.JUnitReportReporter -->
<testsuite hostname="DESKTOP-NA9MM3C" failures="0" tests="3" name="automation_web_project.LoginTest" time="21.442" errors="0" timestamp="2025-06-18T23:26:33 IST" skipped="0">
  <testcase classname="automation_web_project.LoginTest" name="testSuccessfulLogin" time="6.784"/>
  <system-out/>
  <testcase classname="automation_web_project.LoginTest" name="testInvalidPassword" time="6.345"/>
  <system-out/>
  <testcase classname="automation_web_project.LoginTest" name="testEmptyCredentials" time="8.313"/>
  <system-out/>
</testsuite> <!-- automation_web_project.LoginTest -->
