<?xml version="1.0" encoding="UTF-8"?>
<!-- Generated by org.testng.reporters.JUnitReportReporter -->
<testsuite hostname="DESKTOP-3N8J1NJ" failures="0" tests="2" name="com.tops.ExcelMaven.LoginTest" time="3.840" errors="0" timestamp="2025-06-04T10:16:53 IST" skipped="0">
  <testcase classname="com.tops.ExcelMaven.LoginTest" name="testLogin" time="1.979"/>
  <testcase classname="com.tops.ExcelMaven.LoginTest" name="testLogin" time="1.861"/>
</testsuite> <!-- com.tops.ExcelMaven.LoginTest -->
