<?xml version="1.0" encoding="UTF-8"?>
<!-- Generated by org.testng.reporters.JUnitReportReporter -->
<testsuite hostname="DESKTOP-3N8J1NJ" failures="0" tests="1" name="com.tops.ExcelMaven.keyworddriven.tests.KeywordTest" time="5.882" errors="0" timestamp="2025-06-04T17:00:23 IST" skipped="0">
  <testcase classname="com.tops.ExcelMaven.keyworddriven.tests.KeywordTest" name="runTest" time="5.882"/>
</testsuite> <!-- com.tops.ExcelMaven.keyworddriven.tests.KeywordTest -->
