<?xml version="1.0" encoding="UTF-8"?>
<!-- Generated by org.testng.reporters.JUnitReportReporter -->
<testsuite hostname="DESKTOP-3N8J1NJ" failures="0" tests="1" name="com.tops.ExcelMaven.moduledriven.tests.AppTest" time="0.214" errors="0" timestamp="2025-06-06T12:11:49 IST" skipped="0">
  <testcase classname="com.tops.ExcelMaven.moduledriven.tests.AppTest" name="testLoginAndSearch" time="0.214"/>
</testsuite> <!-- com.tops.ExcelMaven.moduledriven.tests.AppTest -->
