<?xml version="1.0" encoding="UTF-8"?>
<!-- Generated by org.testng.reporters.JUnitReportReporter -->
<testsuite hostname="DESKTOP-3N8J1NJ" failures="0" tests="1" name="com.tops.ExcelMaven.hybridriven.tests.LoginTest" time="3.163" errors="0" timestamp="2025-06-06T14:38:56 IST" skipped="0">
  <testcase classname="com.tops.ExcelMaven.hybridriven.tests.LoginTest" name="loginTest" time="3.163"/>
</testsuite> <!-- com.tops.ExcelMaven.hybridriven.tests.LoginTest -->
