<?xml version="1.0" encoding="UTF-8"?>
<!-- Generated by org.testng.reporters.JUnitReportReporter -->
<testsuite hostname="DESKTOP-NA9MM3C" failures="0" tests="1" name="tests.BaseClass" time="0.021" errors="0" timestamp="07 Jun 2025 16:48:42 GMT" skipped="0">
  <testcase classname="tests.BaseClass" name="sampleTest" time="0.021"/>
</testsuite> <!-- tests.BaseClass -->
