<?xml version="1.0" encoding="UTF-8"?>
<!-- Generated by org.testng.reporters.JUnitReportReporter -->
<testsuite hostname="DESKTOP-NA9MM3C" failures="0" tests="1" name="tests.Locators" time="4.824" errors="0" timestamp="13 Jun 2025 02:38:07 GMT" skipped="0">
  <testcase classname="tests.Locators" name="testLogin" time="4.824"/>
</testsuite> <!-- tests.Locators -->
