<?xml version="1.0" encoding="UTF-8"?>
<!-- Generated by org.testng.reporters.JUnitReportReporter -->
<testsuite hostname="DESKTOP-NA9MM3C" failures="0" tests="1" name="tests.LoginTest" time="6.505" errors="0" timestamp="11 Jun 2025 16:23:29 GMT" skipped="0">
  <testcase classname="tests.LoginTest" name="testLogin" time="6.505"/>
</testsuite> <!-- tests.LoginTest -->
