<?xml version="1.0" encoding="UTF-8"?>
<!-- Generated by org.testng.reporters.JUnitReportReporter -->
<testsuite hostname="DESKTOP-NA9MM3C" failures="0" tests="1" name="tests.RealDeviceTest" time="4.941" errors="0" timestamp="12 Jun 2025 02:16:23 GMT" skipped="0">
  <testcase classname="tests.RealDeviceTest" name="testLogin" time="4.941"/>
</testsuite> <!-- tests.RealDeviceTest -->
